<?xml version="1.0" encoding="UTF-8"?>
<!-- Generated by org.testng.reporters.JUnitXMLReporter -->
<testsuite ignored="0" hostname="UBL-LC-DINESH" failures="0" tests="14" name="Test" time="20.683" errors="0" timestamp="2023-08-10T15:48:14 IST">
  <testcase classname="api.test.UserTest" name="testpostUser" time="4.233"/>
  <testcase classname="api.test.UserTest" name="testgetUser" time="1.03"/>
  <testcase classname="api.test.UserTest" name="testupdateUser" time="0.982"/>
  <testcase classname="api.test.UserTest" name="testdeleteUser" time="1.016"/>
  <testcase classname="api.test.UserTest2" name="testpostUser" time="1.023"/>
  <testcase classname="api.test.UserTest2" name="testgetUser" time="1.064"/>
  <testcase classname="api.test.UserTest2" name="testupdateUser" time="1.041"/>
  <testcase classname="api.test.UserTest2" name="testdeleteUser" time="1.044"/>
  <testcase classname="api.test.DDTest" name="testPostuser" time="1.015"/>
  <testcase classname="api.test.DDTest" name="testPostuser" time="1.011"/>
  <testcase classname="api.test.DDTest" name="testPostuser" time="1.043"/>
  <testcase classname="api.test.DDTest" name="testDeleteUserByName" time="1.027"/>
  <testcase classname="api.test.DDTest" name="testDeleteUserByName" time="1.008"/>
  <testcase classname="api.test.DDTest" name="testDeleteUserByName" time="1.005"/>
</testsuite> <!-- Test -->
