<?xml version="1.0" encoding="UTF-8"?>
<!-- Generated by org.testng.reporters.JUnitXMLReporter -->
<testsuite ignored="0" hostname="UBL-LC-DINESH" failures="0" tests="14" name="Test" time="38.067" errors="0" timestamp="2023-08-10T20:28:42 IST">
  <testcase classname="api.test.UserTest" name="testpostUser" time="5.522"/>
  <testcase classname="api.test.UserTest" name="testgetUser" time="2.321"/>
  <testcase classname="api.test.UserTest" name="testupdateUser" time="2.847"/>
  <testcase classname="api.test.UserTest" name="testdeleteUser" time="2.233"/>
  <testcase classname="api.test.UserTest2" name="testpostUser" time="1.932"/>
  <testcase classname="api.test.UserTest2" name="testgetUser" time="2.65"/>
  <testcase classname="api.test.UserTest2" name="testupdateUser" time="2.257"/>
  <testcase classname="api.test.UserTest2" name="testdeleteUser" time="2.737"/>
  <testcase classname="api.test.DDTest" name="testPostuser" time="2.222"/>
  <testcase classname="api.test.DDTest" name="testPostuser" time="1.616"/>
  <testcase classname="api.test.DDTest" name="testPostuser" time="2.903"/>
  <testcase classname="api.test.DDTest" name="testDeleteUserByName" time="2.403"/>
  <testcase classname="api.test.DDTest" name="testDeleteUserByName" time="1.93"/>
  <testcase classname="api.test.DDTest" name="testDeleteUserByName" time="1.603"/>
</testsuite> <!-- Test -->
