<?xml version="1.0" encoding="UTF-8"?>
<testsuite xmlns:xsi="http://www.w3.org/2001/XMLSchema-instance" xsi:noNamespaceSchemaLocation="https://maven.apache.org/surefire/maven-surefire-plugin/xsd/surefire-test-report.xsd" name="TestSuite" time="39.834" tests="14" errors="0" skipped="0" failures="0">
  <properties>
[...]
</properties>
  <testcase name="testpostUser" classname="api.test.UserTest" time="5.532"/>
  <testcase name="testgetUser" classname="api.test.UserTest" time="2.323"/>
  <testcase name="testupdateUser" classname="api.test.UserTest" time="2.847"/>
  <testcase name="testdeleteUser" classname="api.test.UserTest" time="2.234"/>
  <testcase name="testpostUser" classname="api.test.UserTest2" time="1.933"/>
  <testcase name="testgetUser" classname="api.test.UserTest2" time="2.65"/>
  <testcase name="testupdateUser" classname="api.test.UserTest2" time="2.258"/>
  <testcase name="testdeleteUser" classname="api.test.UserTest2" time="2.737"/>
  <testcase name="testPostuser" classname="api.test.DDTest" time="2.223"/>
  <testcase name="testPostuser" classname="api.test.DDTest" time="1.617"/>
  <testcase name="testPostuser" classname="api.test.DDTest" time="2.904"/>
  <testcase name="testDeleteUserByName" classname="api.test.DDTest" time="2.405"/>
  <testcase name="testDeleteUserByName" classname="api.test.DDTest" time="1.932"/>
  <testcase name="testDeleteUserByName" classname="api.test.DDTest" time="1.605"/>
</testsuite>