<?xml version="1.0" encoding="UTF-8"?>
<testng-results ignored="0" total="14" passed="14" failed="0" skipped="0">
  <reporter-output>
  </reporter-output>
  <suite started-at="2023-08-10T15:47:53 IST" name="Suite" finished-at="2023-08-10T15:48:13 IST" duration-ms="20683">
    <groups>
    </groups>
    <test started-at="2023-08-10T15:47:53 IST" name="Test" finished-at="2023-08-10T15:48:13 IST" duration-ms="20683">
      <class name="api.test.UserTest">
        <test-method is-config="true" signature="setupData()[pri:0, instance:api.test.UserTest@63355449]" started-at="2023-08-10T15:47:53 IST" name="setupData" finished-at="2023-08-10T15:47:54 IST" duration-ms="1416" status="PASS">
          <reporter-output>
          </reporter-output>
        </test-method> <!-- setupData -->
        <test-method signature="testpostUser()[pri:1, instance:api.test.UserTest@63355449]" started-at="2023-08-10T15:47:54 IST" name="testpostUser" finished-at="2023-08-10T15:47:59 IST" duration-ms="4233" status="PASS">
          <reporter-output>
          </reporter-output>
        </test-method> <!-- testpostUser -->
        <test-method signature="testgetUser()[pri:2, instance:api.test.UserTest@63355449]" started-at="2023-08-10T15:47:59 IST" name="testgetUser" finished-at="2023-08-10T15:48:00 IST" duration-ms="1030" status="PASS">
          <reporter-output>
          </reporter-output>
        </test-method> <!-- testgetUser -->
        <test-method signature="testupdateUser()[pri:3, instance:api.test.UserTest@63355449]" started-at="2023-08-10T15:48:00 IST" name="testupdateUser" finished-at="2023-08-10T15:48:01 IST" duration-ms="982" status="PASS">
          <reporter-output>
          </reporter-output>
        </test-method> <!-- testupdateUser -->
        <test-method signature="testdeleteUser()[pri:4, instance:api.test.UserTest@63355449]" started-at="2023-08-10T15:48:01 IST" name="testdeleteUser" finished-at="2023-08-10T15:48:02 IST" duration-ms="1016" status="PASS">
          <reporter-output>
          </reporter-output>
        </test-method> <!-- testdeleteUser -->
      </class> <!-- api.test.UserTest -->
      <class name="api.test.DDTest">
        <test-method signature="testPostuser(java.lang.String,java.lang.String,java.lang.String,java.lang.String,java.lang.String,java.lang.String,java.lang.String)[pri:1, instance:api.test.DDTest@5c30a9b0]" started-at="2023-08-10T15:48:07 IST" name="testPostuser" data-provider="Data" finished-at="2023-08-10T15:48:08 IST" duration-ms="1015" status="PASS">
          <params>
            <param index="0">
              <value>
                <![CDATA[1010]]>
              </value>
            </param>
            <param index="1">
              <value>
                <![CDATA[testuser1]]>
              </value>
            </param>
            <param index="2">
              <value>
                <![CDATA[John]]>
              </value>
            </param>
            <param index="3">
              <value>
                <![CDATA[Canedy]]>
              </value>
            </param>
            <param index="4">
              <value>
                <![CDATA[a@gmail.com]]>
              </value>
            </param>
            <param index="5">
              <value>
                <![CDATA[test@1]]>
              </value>
            </param>
            <param index="6">
              <value>
                <![CDATA[1234567897]]>
              </value>
            </param>
          </params>
          <reporter-output>
          </reporter-output>
        </test-method> <!-- testPostuser -->
        <test-method signature="testPostuser(java.lang.String,java.lang.String,java.lang.String,java.lang.String,java.lang.String,java.lang.String,java.lang.String)[pri:1, instance:api.test.DDTest@5c30a9b0]" started-at="2023-08-10T15:48:08 IST" name="testPostuser" data-provider="Data" finished-at="2023-08-10T15:48:09 IST" duration-ms="1011" status="PASS">
          <params>
            <param index="0">
              <value>
                <![CDATA[1020]]>
              </value>
            </param>
            <param index="1">
              <value>
                <![CDATA[testuser2]]>
              </value>
            </param>
            <param index="2">
              <value>
                <![CDATA[Kim]]>
              </value>
            </param>
            <param index="3">
              <value>
                <![CDATA[Kom]]>
              </value>
            </param>
            <param index="4">
              <value>
                <![CDATA[b@gmail.com]]>
              </value>
            </param>
            <param index="5">
              <value>
                <![CDATA[test@2]]>
              </value>
            </param>
            <param index="6">
              <value>
                <![CDATA[1234567897]]>
              </value>
            </param>
          </params>
          <reporter-output>
          </reporter-output>
        </test-method> <!-- testPostuser -->
        <test-method signature="testPostuser(java.lang.String,java.lang.String,java.lang.String,java.lang.String,java.lang.String,java.lang.String,java.lang.String)[pri:1, instance:api.test.DDTest@5c30a9b0]" started-at="2023-08-10T15:48:09 IST" name="testPostuser" data-provider="Data" finished-at="2023-08-10T15:48:10 IST" duration-ms="1043" status="PASS">
          <params>
            <param index="0">
              <value>
                <![CDATA[1030]]>
              </value>
            </param>
            <param index="1">
              <value>
                <![CDATA[testuser3]]>
              </value>
            </param>
            <param index="2">
              <value>
                <![CDATA[Smith]]>
              </value>
            </param>
            <param index="3">
              <value>
                <![CDATA[Steve]]>
              </value>
            </param>
            <param index="4">
              <value>
                <![CDATA[c@gmail.com]]>
              </value>
            </param>
            <param index="5">
              <value>
                <![CDATA[test@3]]>
              </value>
            </param>
            <param index="6">
              <value>
                <![CDATA[1234567897]]>
              </value>
            </param>
          </params>
          <reporter-output>
          </reporter-output>
        </test-method> <!-- testPostuser -->
        <test-method signature="testDeleteUserByName(java.lang.String)[pri:2, instance:api.test.DDTest@5c30a9b0]" started-at="2023-08-10T15:48:10 IST" name="testDeleteUserByName" data-provider="UserNames" finished-at="2023-08-10T15:48:11 IST" duration-ms="1027" status="PASS">
          <params>
            <param index="0">
              <value>
                <![CDATA[testuser1]]>
              </value>
            </param>
          </params>
          <reporter-output>
          </reporter-output>
        </test-method> <!-- testDeleteUserByName -->
        <test-method signature="testDeleteUserByName(java.lang.String)[pri:2, instance:api.test.DDTest@5c30a9b0]" started-at="2023-08-10T15:48:11 IST" name="testDeleteUserByName" data-provider="UserNames" finished-at="2023-08-10T15:48:12 IST" duration-ms="1008" status="PASS">
          <params>
            <param index="0">
              <value>
                <![CDATA[testuser2]]>
              </value>
            </param>
          </params>
          <reporter-output>
          </reporter-output>
        </test-method> <!-- testDeleteUserByName -->
        <test-method signature="testDeleteUserByName(java.lang.String)[pri:2, instance:api.test.DDTest@5c30a9b0]" started-at="2023-08-10T15:48:12 IST" name="testDeleteUserByName" data-provider="UserNames" finished-at="2023-08-10T15:48:13 IST" duration-ms="1005" status="PASS">
          <params>
            <param index="0">
              <value>
                <![CDATA[testuser3]]>
              </value>
            </param>
          </params>
          <reporter-output>
          </reporter-output>
        </test-method> <!-- testDeleteUserByName -->
      </class> <!-- api.test.DDTest -->
      <class name="api.test.UserTest2">
        <test-method is-config="true" signature="setupData()[pri:0, instance:api.test.UserTest2@635eaaf1]" started-at="2023-08-10T15:48:02 IST" name="setupData" finished-at="2023-08-10T15:48:02 IST" duration-ms="49" status="PASS">
          <reporter-output>
          </reporter-output>
        </test-method> <!-- setupData -->
        <test-method signature="testpostUser()[pri:1, instance:api.test.UserTest2@635eaaf1]" started-at="2023-08-10T15:48:02 IST" name="testpostUser" finished-at="2023-08-10T15:48:03 IST" duration-ms="1023" status="PASS">
          <reporter-output>
          </reporter-output>
        </test-method> <!-- testpostUser -->
        <test-method signature="testgetUser()[pri:2, instance:api.test.UserTest2@635eaaf1]" started-at="2023-08-10T15:48:03 IST" name="testgetUser" finished-at="2023-08-10T15:48:04 IST" duration-ms="1064" status="PASS">
          <reporter-output>
          </reporter-output>
        </test-method> <!-- testgetUser -->
        <test-method signature="testupdateUser()[pri:3, instance:api.test.UserTest2@635eaaf1]" started-at="2023-08-10T15:48:04 IST" name="testupdateUser" finished-at="2023-08-10T15:48:05 IST" duration-ms="1041" status="PASS">
          <reporter-output>
          </reporter-output>
        </test-method> <!-- testupdateUser -->
        <test-method signature="testdeleteUser()[pri:4, instance:api.test.UserTest2@635eaaf1]" started-at="2023-08-10T15:48:05 IST" name="testdeleteUser" finished-at="2023-08-10T15:48:06 IST" duration-ms="1044" status="PASS">
          <reporter-output>
          </reporter-output>
        </test-method> <!-- testdeleteUser -->
      </class> <!-- api.test.UserTest2 -->
    </test> <!-- Test -->
  </suite> <!-- Suite -->
</testng-results>
